<?xml version="1.0" encoding="UTF-8"?>
<!-- Generated by org.testng.reporters.JUnitReportReporter -->
<testsuite hostname="DESKTOP-N93DNGF" failures="0" tests="1" name="FLIMP.POC.EndToEndTest" time="149.791" errors="0" timestamp="2024-08-08T10:37:09 IST" skipped="0">
  <testcase classname="FLIMP.POC.EndToEndTest" name="FlimpEndToEndTest" time="149.791"/>
</testsuite> <!-- FLIMP.POC.EndToEndTest -->
